Coverage Report by instance with details

=================================================================================
=== Instance: /tb
=== Design Unit: work.tb
=================================================================================

Directive Coverage:
    Directives                       1         1         0   100.00%

DIRECTIVE COVERAGE:
--------------------------------------------------------------------------------------------
Name                                     Design Design   Lang File(Line)      Hits Status    
                                         Unit   UnitType                                     
--------------------------------------------------------------------------------------------
/tb/cover__cvr_seq                       tb     Verilog  SVA  tb.sv(43)          3 Covered   

=================================================================================
=== Instance: /tb_sv_unit
=== Design Unit: work.tb_sv_unit
=================================================================================

Covergroup Coverage:
    Covergroups                      4        na        na   100.00%
        Coverpoints/Crosses          8        na        na        na
            Covergroup Bins         32        32         0   100.00%
----------------------------------------------------------------------------------------------------------
Covergroup                                             Metric       Goal       Bins    Status               
                                                                                                         
----------------------------------------------------------------------------------------------------------
 TYPE /tb_sv_unit/cg_fsm_state                        100.00%        100          -    Covered              
    covered/total bins:                                    15         15          -                      
    missing/total bins:                                     0         15          -                      
    % Hit:                                            100.00%        100          -                      
    Coverpoint cp_fsm_ps                              100.00%        100          -    Covered              
        covered/total bins:                                 4          4          -                      
        missing/total bins:                                 0          4          -                      
        % Hit:                                        100.00%        100          -                      
    Coverpoint cp_fsm_ns                              100.00%        100          -    Covered              
        covered/total bins:                                 4          4          -                      
        missing/total bins:                                 0          4          -                      
        % Hit:                                        100.00%        100          -                      
    Cross cp_fsm_both                                 100.00%        100          -    Covered              
        covered/total bins:                                 7          7          -                      
        missing/total bins:                                 0          7          -                      
        % Hit:                                        100.00%        100          -                      
 Covergroup instance \/tb/cg_fsm_state_inst           100.00%        100          -    Covered              
    covered/total bins:                                    15         15          -                      
    missing/total bins:                                     0         15          -                      
    % Hit:                                            100.00%        100          -                      
    Coverpoint cp_fsm_ps                              100.00%        100          -    Covered              
        covered/total bins:                                 4          4          -                      
        missing/total bins:                                 0          4          -                      
        % Hit:                                        100.00%        100          -                      
        bin test                                         2411          1          -    Covered              
        bin swap                                           73          1          -    Covered              
        bin subt                                         2392          1          -    Covered              
        bin done                                           81          1          -    Covered              
    Coverpoint cp_fsm_ns                              100.00%        100          -    Covered              
        covered/total bins:                                 4          4          -                      
        missing/total bins:                                 0          4          -                      
        % Hit:                                        100.00%        100          -                      
        bin test                                         2411          1          -    Covered              
        bin swap                                           73          1          -    Covered              
        bin subt                                         2392          1          -    Covered              
        bin done                                           81          1          -    Covered              
    Cross cp_fsm_both                                 100.00%        100          -    Covered              
        covered/total bins:                                 7          7          -                      
        missing/total bins:                                 0          7          -                      
        % Hit:                                        100.00%        100          -                      
        Auto, Default and User Defined Bins:
            bin <done,done>                                62          1          -    Covered              
            bin <test,done>                                19          1          -    Covered              
            bin <swap,subt>                                73          1          -    Covered              
            bin <test,subt>                              2319          1          -    Covered              
            bin <test,swap>                                73          1          -    Covered              
            bin <done,test>                                19          1          -    Covered              
            bin <subt,test>                              2392          1          -    Covered              
        Illegal and Ignore Bins:
            ignore_bin valid_swapXdone                      0                     -    ZERO                 
            ignore_bin valid_subtXdone                      0                     -    ZERO                 
            illegal_bin ill_test                            0                     -    ZERO                 
            illegal_bin ill_done                            0                     -    ZERO                 
            illegal_bin ill_swap                            0                     -    ZERO                 
            illegal_bin ill_subt                            0                     -    ZERO                 
 TYPE /tb_sv_unit/cg_gcd_mon                          100.00%        100          -    Covered              
    covered/total bins:                                     6          6          -                      
    missing/total bins:                                     0          6          -                      
    % Hit:                                            100.00%        100          -                      
    Coverpoint cp_gcd_op                              100.00%        100          -    Covered              
        covered/total bins:                                 6          6          -                      
        missing/total bins:                                 0          6          -                      
        % Hit:                                        100.00%        100          -                      
 Covergroup instance \/tb/cg_gcd_mon_inst             100.00%        100          -    Covered              
    covered/total bins:                                     6          6          -                      
    missing/total bins:                                     0          6          -                      
    % Hit:                                            100.00%        100          -                      
    Coverpoint cp_gcd_op                              100.00%        100          -    Covered              
        covered/total bins:                                 6          6          -                      
        missing/total bins:                                 0          6          -                      
        % Hit:                                        100.00%        100          -                      
        bin range_0                                       710          1          -    Covered              
        bin range_1                                       191          1          -    Covered              
        bin range_2                                       119          1          -    Covered              
        bin range_3                                        29          1          -    Covered              
        bin range_4                                        11          1          -    Covered              
        bin range_5                                         4          1          -    Covered              
 TYPE /tb_sv_unit/cg_fsm_ps_mon                       100.00%        100          -    Covered              
    covered/total bins:                                     4          4          -                      
    missing/total bins:                                     0          4          -                      
    % Hit:                                            100.00%        100          -                      
    Coverpoint cp_gcd_ps_mon                          100.00%        100          -    Covered              
        covered/total bins:                                 4          4          -                      
        missing/total bins:                                 0          4          -                      
        % Hit:                                        100.00%        100          -                      
 Covergroup instance \/tb/cg_fsm_ps_mon_inst          100.00%        100          -    Covered              
    covered/total bins:                                     4          4          -                      
    missing/total bins:                                     0          4          -                      
    % Hit:                                            100.00%        100          -                      
    Coverpoint cp_gcd_ps_mon                          100.00%        100          -    Covered              
        covered/total bins:                                 4          4          -                      
        missing/total bins:                                 0          4          -                      
        % Hit:                                        100.00%        100          -                      
        illegal_bin trans                                   0                     -    ZERO                 
        bin auto[TEST]                                   2411          1          -    Covered              
        bin auto[SWAP]                                     73          1          -    Covered              
        bin auto[SUBT]                                   2392          1          -    Covered              
        bin auto[DONE]                                     81          1          -    Covered              
 TYPE /tb_sv_unit/cg_reg_mon                          100.00%        100          -    Covered              
    covered/total bins:                                     7          7          -                      
    missing/total bins:                                     0          7          -                      
    % Hit:                                            100.00%        100          -                      
    Coverpoint cp_swap_reg                            100.00%        100          -    Covered              
        covered/total bins:                                 2          2          -                      
        missing/total bins:                                 0          2          -                      
        % Hit:                                        100.00%        100          -                      
    Coverpoint cp_sub_reg                             100.00%        100          -    Covered              
        covered/total bins:                                 2          2          -                      
        missing/total bins:                                 0          2          -                      
        % Hit:                                        100.00%        100          -                      
    Cross cp_both_reg                                 100.00%        100          -    Covered              
        covered/total bins:                                 3          3          -                      
        missing/total bins:                                 0          3          -                      
        % Hit:                                        100.00%        100          -                      
 Covergroup instance \/tb/cg_reg_mon_inst             100.00%        100          -    Covered              
    covered/total bins:                                     7          7          -                      
    missing/total bins:                                     0          7          -                      
    % Hit:                                            100.00%        100          -                      
    Coverpoint cp_swap_reg                            100.00%        100          -    Covered              
        covered/total bins:                                 2          2          -                      
        missing/total bins:                                 0          2          -                      
        % Hit:                                        100.00%        100          -                      
        bin auto[0]                                      4884          1          -    Covered              
        bin auto[1]                                        73          1          -    Covered              
    Coverpoint cp_sub_reg                             100.00%        100          -    Covered              
        covered/total bins:                                 2          2          -                      
        missing/total bins:                                 0          2          -                      
        % Hit:                                        100.00%        100          -                      
        bin auto[0]                                      2565          1          -    Covered              
        bin auto[1]                                      2392          1          -    Covered              
    Cross cp_both_reg                                 100.00%        100          -    Covered              
        covered/total bins:                                 3          3          -                      
        missing/total bins:                                 0          3          -                      
        % Hit:                                        100.00%        100          -                      
        Auto, Default and User Defined Bins:
            bin <auto[1],auto[0]>                          73          1          -    Covered              
            bin <auto[0],auto[1]>                        2392          1          -    Covered              
            bin <auto[0],auto[0]>                        2492          1          -    Covered              
        Illegal and Ignore Bins:
            illegal_bin bin_ignore                          0                     -    ZERO                 

COVERGROUP COVERAGE:
----------------------------------------------------------------------------------------------------------
Covergroup                                             Metric       Goal       Bins    Status               
                                                                                                         
----------------------------------------------------------------------------------------------------------
 TYPE /tb_sv_unit/cg_fsm_state                        100.00%        100          -    Covered              
    covered/total bins:                                    15         15          -                      
    missing/total bins:                                     0         15          -                      
    % Hit:                                            100.00%        100          -                      
    Coverpoint cp_fsm_ps                              100.00%        100          -    Covered              
        covered/total bins:                                 4          4          -                      
        missing/total bins:                                 0          4          -                      
        % Hit:                                        100.00%        100          -                      
    Coverpoint cp_fsm_ns                              100.00%        100          -    Covered              
        covered/total bins:                                 4          4          -                      
        missing/total bins:                                 0          4          -                      
        % Hit:                                        100.00%        100          -                      
    Cross cp_fsm_both                                 100.00%        100          -    Covered              
        covered/total bins:                                 7          7          -                      
        missing/total bins:                                 0          7          -                      
        % Hit:                                        100.00%        100          -                      
 Covergroup instance \/tb/cg_fsm_state_inst           100.00%        100          -    Covered              
    covered/total bins:                                    15         15          -                      
    missing/total bins:                                     0         15          -                      
    % Hit:                                            100.00%        100          -                      
    Coverpoint cp_fsm_ps                              100.00%        100          -    Covered              
        covered/total bins:                                 4          4          -                      
        missing/total bins:                                 0          4          -                      
        % Hit:                                        100.00%        100          -                      
        bin test                                         2411          1          -    Covered              
        bin swap                                           73          1          -    Covered              
        bin subt                                         2392          1          -    Covered              
        bin done                                           81          1          -    Covered              
    Coverpoint cp_fsm_ns                              100.00%        100          -    Covered              
        covered/total bins:                                 4          4          -                      
        missing/total bins:                                 0          4          -                      
        % Hit:                                        100.00%        100          -                      
        bin test                                         2411          1          -    Covered              
        bin swap                                           73          1          -    Covered              
        bin subt                                         2392          1          -    Covered              
        bin done                                           81          1          -    Covered              
    Cross cp_fsm_both                                 100.00%        100          -    Covered              
        covered/total bins:                                 7          7          -                      
        missing/total bins:                                 0          7          -                      
        % Hit:                                        100.00%        100          -                      
        Auto, Default and User Defined Bins:
            bin <done,done>                                62          1          -    Covered              
            bin <test,done>                                19          1          -    Covered              
            bin <swap,subt>                                73          1          -    Covered              
            bin <test,subt>                              2319          1          -    Covered              
            bin <test,swap>                                73          1          -    Covered              
            bin <done,test>                                19          1          -    Covered              
            bin <subt,test>                              2392          1          -    Covered              
        Illegal and Ignore Bins:
            ignore_bin valid_swapXdone                      0                     -    ZERO                 
            ignore_bin valid_subtXdone                      0                     -    ZERO                 
            illegal_bin ill_test                            0                     -    ZERO                 
            illegal_bin ill_done                            0                     -    ZERO                 
            illegal_bin ill_swap                            0                     -    ZERO                 
            illegal_bin ill_subt                            0                     -    ZERO                 
 TYPE /tb_sv_unit/cg_gcd_mon                          100.00%        100          -    Covered              
    covered/total bins:                                     6          6          -                      
    missing/total bins:                                     0          6          -                      
    % Hit:                                            100.00%        100          -                      
    Coverpoint cp_gcd_op                              100.00%        100          -    Covered              
        covered/total bins:                                 6          6          -                      
        missing/total bins:                                 0          6          -                      
        % Hit:                                        100.00%        100          -                      
 Covergroup instance \/tb/cg_gcd_mon_inst             100.00%        100          -    Covered              
    covered/total bins:                                     6          6          -                      
    missing/total bins:                                     0          6          -                      
    % Hit:                                            100.00%        100          -                      
    Coverpoint cp_gcd_op                              100.00%        100          -    Covered              
        covered/total bins:                                 6          6          -                      
        missing/total bins:                                 0          6          -                      
        % Hit:                                        100.00%        100          -                      
        bin range_0                                       710          1          -    Covered              
        bin range_1                                       191          1          -    Covered              
        bin range_2                                       119          1          -    Covered              
        bin range_3                                        29          1          -    Covered              
        bin range_4                                        11          1          -    Covered              
        bin range_5                                         4          1          -    Covered              
 TYPE /tb_sv_unit/cg_fsm_ps_mon                       100.00%        100          -    Covered              
    covered/total bins:                                     4          4          -                      
    missing/total bins:                                     0          4          -                      
    % Hit:                                            100.00%        100          -                      
    Coverpoint cp_gcd_ps_mon                          100.00%        100          -    Covered              
        covered/total bins:                                 4          4          -                      
        missing/total bins:                                 0          4          -                      
        % Hit:                                        100.00%        100          -                      
 Covergroup instance \/tb/cg_fsm_ps_mon_inst          100.00%        100          -    Covered              
    covered/total bins:                                     4          4          -                      
    missing/total bins:                                     0          4          -                      
    % Hit:                                            100.00%        100          -                      
    Coverpoint cp_gcd_ps_mon                          100.00%        100          -    Covered              
        covered/total bins:                                 4          4          -                      
        missing/total bins:                                 0          4          -                      
        % Hit:                                        100.00%        100          -                      
        illegal_bin trans                                   0                     -    ZERO                 
        bin auto[TEST]                                   2411          1          -    Covered              
        bin auto[SWAP]                                     73          1          -    Covered              
        bin auto[SUBT]                                   2392          1          -    Covered              
        bin auto[DONE]                                     81          1          -    Covered              
 TYPE /tb_sv_unit/cg_reg_mon                          100.00%        100          -    Covered              
    covered/total bins:                                     7          7          -                      
    missing/total bins:                                     0          7          -                      
    % Hit:                                            100.00%        100          -                      
    Coverpoint cp_swap_reg                            100.00%        100          -    Covered              
        covered/total bins:                                 2          2          -                      
        missing/total bins:                                 0          2          -                      
        % Hit:                                        100.00%        100          -                      
    Coverpoint cp_sub_reg                             100.00%        100          -    Covered              
        covered/total bins:                                 2          2          -                      
        missing/total bins:                                 0          2          -                      
        % Hit:                                        100.00%        100          -                      
    Cross cp_both_reg                                 100.00%        100          -    Covered              
        covered/total bins:                                 3          3          -                      
        missing/total bins:                                 0          3          -                      
        % Hit:                                        100.00%        100          -                      
 Covergroup instance \/tb/cg_reg_mon_inst             100.00%        100          -    Covered              
    covered/total bins:                                     7          7          -                      
    missing/total bins:                                     0          7          -                      
    % Hit:                                            100.00%        100          -                      
    Coverpoint cp_swap_reg                            100.00%        100          -    Covered              
        covered/total bins:                                 2          2          -                      
        missing/total bins:                                 0          2          -                      
        % Hit:                                        100.00%        100          -                      
        bin auto[0]                                      4884          1          -    Covered              
        bin auto[1]                                        73          1          -    Covered              
    Coverpoint cp_sub_reg                             100.00%        100          -    Covered              
        covered/total bins:                                 2          2          -                      
        missing/total bins:                                 0          2          -                      
        % Hit:                                        100.00%        100          -                      
        bin auto[0]                                      2565          1          -    Covered              
        bin auto[1]                                      2392          1          -    Covered              
    Cross cp_both_reg                                 100.00%        100          -    Covered              
        covered/total bins:                                 3          3          -                      
        missing/total bins:                                 0          3          -                      
        % Hit:                                        100.00%        100          -                      
        Auto, Default and User Defined Bins:
            bin <auto[1],auto[0]>                          73          1          -    Covered              
            bin <auto[0],auto[1]>                        2392          1          -    Covered              
            bin <auto[0],auto[0]>                        2492          1          -    Covered              
        Illegal and Ignore Bins:
            illegal_bin bin_ignore                          0                     -    ZERO                 

TOTAL COVERGROUP COVERAGE: 100.00%  COVERGROUP TYPES: 4

DIRECTIVE COVERAGE:
--------------------------------------------------------------------------------------------
Name                                     Design Design   Lang File(Line)      Hits Status    
                                         Unit   UnitType                                     
--------------------------------------------------------------------------------------------
/tb/cover__cvr_seq                       tb     Verilog  SVA  tb.sv(43)          3 Covered   

TOTAL DIRECTIVE COVERAGE: 100.00%  COVERS: 1

Total Coverage By Instance (filtered view): 100.00%

