Coverage Report by instance with details

=================================================================================
=== Instance: /tb
=== Design Unit: work.tb
=================================================================================

Directive Coverage:
    Directives                       1         1         0   100.00%

DIRECTIVE COVERAGE:
--------------------------------------------------------------------------------------------
Name                                     Design Design   Lang File(Line)      Hits Status    
                                         Unit   UnitType                                     
--------------------------------------------------------------------------------------------
/tb/cover__cvr_seq                       tb     Verilog  SVA  tb.sv(43)          3 Covered   

=================================================================================
=== Instance: /tb_sv_unit
=== Design Unit: work.tb_sv_unit
=================================================================================

Covergroup Coverage:
    Covergroups                      4        na        na    89.06%
        Coverpoints/Crosses          8        na        na        na
            Covergroup Bins         42        31        11    73.80%
----------------------------------------------------------------------------------------------------------
Covergroup                                             Metric       Goal       Bins    Status               
                                                                                                         
----------------------------------------------------------------------------------------------------------
 TYPE /tb_sv_unit/cg_fsm_state                         81.25%        100          -    Uncovered            
    covered/total bins:                                    15         24          -                      
    missing/total bins:                                     9         24          -                      
    % Hit:                                             62.50%        100          -                      
    Coverpoint cp_fsm_ps                              100.00%        100          -    Covered              
        covered/total bins:                                 4          4          -                      
        missing/total bins:                                 0          4          -                      
        % Hit:                                        100.00%        100          -                      
    Coverpoint cp_fsm_ns                              100.00%        100          -    Covered              
        covered/total bins:                                 4          4          -                      
        missing/total bins:                                 0          4          -                      
        % Hit:                                        100.00%        100          -                      
    Cross cp_fsm_both                                  43.75%        100          -    Uncovered            
        covered/total bins:                                 7         16          -                      
        missing/total bins:                                 9         16          -                      
        % Hit:                                         43.75%        100          -                      
 Covergroup instance \/tb/cg_fsm_state_inst            81.25%        100          -    Uncovered            
    covered/total bins:                                    15         24          -                      
    missing/total bins:                                     9         24          -                      
    % Hit:                                             62.50%        100          -                      
    Coverpoint cp_fsm_ps                              100.00%        100          -    Covered              
        covered/total bins:                                 4          4          -                      
        missing/total bins:                                 0          4          -                      
        % Hit:                                        100.00%        100          -                      
        bin auto[TEST]                                   2409          1          -    Covered              
        bin auto[SWAP]                                     73          1          -    Covered              
        bin auto[SUBT]                                   2392          1          -    Covered              
        bin auto[DONE]                                     73          1          -    Covered              
    Coverpoint cp_fsm_ns                              100.00%        100          -    Covered              
        covered/total bins:                                 4          4          -                      
        missing/total bins:                                 0          4          -                      
        % Hit:                                        100.00%        100          -                      
        bin auto[TEST]                                   2409          1          -    Covered              
        bin auto[SWAP]                                     73          1          -    Covered              
        bin auto[SUBT]                                   2392          1          -    Covered              
        bin auto[DONE]                                     73          1          -    Covered              
    Cross cp_fsm_both                                  43.75%        100          -    Uncovered            
        covered/total bins:                                 7         16          -                      
        missing/total bins:                                 9         16          -                      
        % Hit:                                         43.75%        100          -                      
        Auto, Default and User Defined Bins:
            bin <auto[DONE],auto[DONE]>                    56          1          -    Covered              
            bin <auto[TEST],auto[DONE]>                    17          1          -    Covered              
            bin <auto[SWAP],auto[SUBT]>                    73          1          -    Covered              
            bin <auto[TEST],auto[SUBT]>                  2319          1          -    Covered              
            bin <auto[TEST],auto[SWAP]>                    73          1          -    Covered              
            bin <auto[DONE],auto[TEST]>                    17          1          -    Covered              
            bin <auto[SUBT],auto[TEST]>                  2392          1          -    Covered              
            bin <auto[SUBT],auto[DONE]>                     0          1          1    ZERO                 
            bin <auto[SWAP],auto[DONE]>                     0          1          1    ZERO                 
            bin <auto[DONE],auto[SUBT]>                     0          1          1    ZERO                 
            bin <auto[SUBT],auto[SUBT]>                     0          1          1    ZERO                 
            bin <auto[DONE],auto[SWAP]>                     0          1          1    ZERO                 
            bin <auto[SUBT],auto[SWAP]>                     0          1          1    ZERO                 
            bin <auto[SWAP],auto[SWAP]>                     0          1          1    ZERO                 
            bin <auto[SWAP],auto[TEST]>                     0          1          1    ZERO                 
            bin <auto[TEST],auto[TEST]>                     0          1          1    ZERO                 
 TYPE /tb_sv_unit/cg_gcd_mon                           83.33%        100          -    Uncovered            
    covered/total bins:                                     5          6          -                      
    missing/total bins:                                     1          6          -                      
    % Hit:                                             83.33%        100          -                      
    Coverpoint cp_gcd_op                               83.33%        100          -    Uncovered            
        covered/total bins:                                 5          6          -                      
        missing/total bins:                                 1          6          -                      
        % Hit:                                         83.33%        100          -                      
 Covergroup instance \/tb/cg_gcd_mon_inst              83.33%        100          -    Uncovered            
    covered/total bins:                                     5          6          -                      
    missing/total bins:                                     1          6          -                      
    % Hit:                                             83.33%        100          -                      
    Coverpoint cp_gcd_op                               83.33%        100          -    Uncovered            
        covered/total bins:                                 5          6          -                      
        missing/total bins:                                 1          6          -                      
        % Hit:                                         83.33%        100          -                      
        bin range_0                                       709          1          -    Covered              
        bin range_1                                       191          1          -    Covered              
        bin range_2                                       119          1          -    Covered              
        bin range_3                                        29          1          -    Covered              
        bin range_4                                         6          1          -    Covered              
        bin range_5                                         0          1          -    ZERO                 
 TYPE /tb_sv_unit/cg_fsm_ps_mon                       100.00%        100          -    Covered              
    covered/total bins:                                     4          4          -                      
    missing/total bins:                                     0          4          -                      
    % Hit:                                            100.00%        100          -                      
    Coverpoint cp_gcd_ps_mon                          100.00%        100          -    Covered              
        covered/total bins:                                 4          4          -                      
        missing/total bins:                                 0          4          -                      
        % Hit:                                        100.00%        100          -                      
 Covergroup instance \/tb/cg_fsm_ps_mon_inst          100.00%        100          -    Covered              
    covered/total bins:                                     4          4          -                      
    missing/total bins:                                     0          4          -                      
    % Hit:                                            100.00%        100          -                      
    Coverpoint cp_gcd_ps_mon                          100.00%        100          -    Covered              
        covered/total bins:                                 4          4          -                      
        missing/total bins:                                 0          4          -                      
        % Hit:                                        100.00%        100          -                      
        illegal_bin trans                                   0                     -    ZERO                 
        bin auto[TEST]                                   2409          1          -    Covered              
        bin auto[SWAP]                                     73          1          -    Covered              
        bin auto[SUBT]                                   2392          1          -    Covered              
        bin auto[DONE]                                     73          1          -    Covered              
 TYPE /tb_sv_unit/cg_reg_mon                           91.66%        100          -    Uncovered            
    covered/total bins:                                     7          8          -                      
    missing/total bins:                                     1          8          -                      
    % Hit:                                             87.50%        100          -                      
    Coverpoint cp_swap_reg                            100.00%        100          -    Covered              
        covered/total bins:                                 2          2          -                      
        missing/total bins:                                 0          2          -                      
        % Hit:                                        100.00%        100          -                      
    Coverpoint cp_sub_reg                             100.00%        100          -    Covered              
        covered/total bins:                                 2          2          -                      
        missing/total bins:                                 0          2          -                      
        % Hit:                                        100.00%        100          -                      
    Cross cp_both_reg                                  75.00%        100          -    Uncovered            
        covered/total bins:                                 3          4          -                      
        missing/total bins:                                 1          4          -                      
        % Hit:                                         75.00%        100          -                      
 Covergroup instance \/tb/cg_reg_mon_inst              91.66%        100          -    Uncovered            
    covered/total bins:                                     7          8          -                      
    missing/total bins:                                     1          8          -                      
    % Hit:                                             87.50%        100          -                      
    Coverpoint cp_swap_reg                            100.00%        100          -    Covered              
        covered/total bins:                                 2          2          -                      
        missing/total bins:                                 0          2          -                      
        % Hit:                                        100.00%        100          -                      
        bin auto[0]                                      4874          1          -    Covered              
        bin auto[1]                                        73          1          -    Covered              
    Coverpoint cp_sub_reg                             100.00%        100          -    Covered              
        covered/total bins:                                 2          2          -                      
        missing/total bins:                                 0          2          -                      
        % Hit:                                        100.00%        100          -                      
        bin auto[0]                                      2555          1          -    Covered              
        bin auto[1]                                      2392          1          -    Covered              
    Cross cp_both_reg                                  75.00%        100          -    Uncovered            
        covered/total bins:                                 3          4          -                      
        missing/total bins:                                 1          4          -                      
        % Hit:                                         75.00%        100          -                      
        Auto, Default and User Defined Bins:
            bin <auto[0],auto[1]>                        2392          1          -    Covered              
            bin <auto[1],auto[0]>                          73          1          -    Covered              
            bin <auto[0],auto[0]>                        2482          1          -    Covered              
            bin <auto[1],auto[1]>                           0          1          1    ZERO                 

COVERGROUP COVERAGE:
----------------------------------------------------------------------------------------------------------
Covergroup                                             Metric       Goal       Bins    Status               
                                                                                                         
----------------------------------------------------------------------------------------------------------
 TYPE /tb_sv_unit/cg_fsm_state                         81.25%        100          -    Uncovered            
    covered/total bins:                                    15         24          -                      
    missing/total bins:                                     9         24          -                      
    % Hit:                                             62.50%        100          -                      
    Coverpoint cp_fsm_ps                              100.00%        100          -    Covered              
        covered/total bins:                                 4          4          -                      
        missing/total bins:                                 0          4          -                      
        % Hit:                                        100.00%        100          -                      
    Coverpoint cp_fsm_ns                              100.00%        100          -    Covered              
        covered/total bins:                                 4          4          -                      
        missing/total bins:                                 0          4          -                      
        % Hit:                                        100.00%        100          -                      
    Cross cp_fsm_both                                  43.75%        100          -    Uncovered            
        covered/total bins:                                 7         16          -                      
        missing/total bins:                                 9         16          -                      
        % Hit:                                         43.75%        100          -                      
 Covergroup instance \/tb/cg_fsm_state_inst            81.25%        100          -    Uncovered            
    covered/total bins:                                    15         24          -                      
    missing/total bins:                                     9         24          -                      
    % Hit:                                             62.50%        100          -                      
    Coverpoint cp_fsm_ps                              100.00%        100          -    Covered              
        covered/total bins:                                 4          4          -                      
        missing/total bins:                                 0          4          -                      
        % Hit:                                        100.00%        100          -                      
        bin auto[TEST]                                   2409          1          -    Covered              
        bin auto[SWAP]                                     73          1          -    Covered              
        bin auto[SUBT]                                   2392          1          -    Covered              
        bin auto[DONE]                                     73          1          -    Covered              
    Coverpoint cp_fsm_ns                              100.00%        100          -    Covered              
        covered/total bins:                                 4          4          -                      
        missing/total bins:                                 0          4          -                      
        % Hit:                                        100.00%        100          -                      
        bin auto[TEST]                                   2409          1          -    Covered              
        bin auto[SWAP]                                     73          1          -    Covered              
        bin auto[SUBT]                                   2392          1          -    Covered              
        bin auto[DONE]                                     73          1          -    Covered              
    Cross cp_fsm_both                                  43.75%        100          -    Uncovered            
        covered/total bins:                                 7         16          -                      
        missing/total bins:                                 9         16          -                      
        % Hit:                                         43.75%        100          -                      
        Auto, Default and User Defined Bins:
            bin <auto[DONE],auto[DONE]>                    56          1          -    Covered              
            bin <auto[TEST],auto[DONE]>                    17          1          -    Covered              
            bin <auto[SWAP],auto[SUBT]>                    73          1          -    Covered              
            bin <auto[TEST],auto[SUBT]>                  2319          1          -    Covered              
            bin <auto[TEST],auto[SWAP]>                    73          1          -    Covered              
            bin <auto[DONE],auto[TEST]>                    17          1          -    Covered              
            bin <auto[SUBT],auto[TEST]>                  2392          1          -    Covered              
            bin <auto[SUBT],auto[DONE]>                     0          1          1    ZERO                 
            bin <auto[SWAP],auto[DONE]>                     0          1          1    ZERO                 
            bin <auto[DONE],auto[SUBT]>                     0          1          1    ZERO                 
            bin <auto[SUBT],auto[SUBT]>                     0          1          1    ZERO                 
            bin <auto[DONE],auto[SWAP]>                     0          1          1    ZERO                 
            bin <auto[SUBT],auto[SWAP]>                     0          1          1    ZERO                 
            bin <auto[SWAP],auto[SWAP]>                     0          1          1    ZERO                 
            bin <auto[SWAP],auto[TEST]>                     0          1          1    ZERO                 
            bin <auto[TEST],auto[TEST]>                     0          1          1    ZERO                 
 TYPE /tb_sv_unit/cg_gcd_mon                           83.33%        100          -    Uncovered            
    covered/total bins:                                     5          6          -                      
    missing/total bins:                                     1          6          -                      
    % Hit:                                             83.33%        100          -                      
    Coverpoint cp_gcd_op                               83.33%        100          -    Uncovered            
        covered/total bins:                                 5          6          -                      
        missing/total bins:                                 1          6          -                      
        % Hit:                                         83.33%        100          -                      
 Covergroup instance \/tb/cg_gcd_mon_inst              83.33%        100          -    Uncovered            
    covered/total bins:                                     5          6          -                      
    missing/total bins:                                     1          6          -                      
    % Hit:                                             83.33%        100          -                      
    Coverpoint cp_gcd_op                               83.33%        100          -    Uncovered            
        covered/total bins:                                 5          6          -                      
        missing/total bins:                                 1          6          -                      
        % Hit:                                         83.33%        100          -                      
        bin range_0                                       709          1          -    Covered              
        bin range_1                                       191          1          -    Covered              
        bin range_2                                       119          1          -    Covered              
        bin range_3                                        29          1          -    Covered              
        bin range_4                                         6          1          -    Covered              
        bin range_5                                         0          1          -    ZERO                 
 TYPE /tb_sv_unit/cg_fsm_ps_mon                       100.00%        100          -    Covered              
    covered/total bins:                                     4          4          -                      
    missing/total bins:                                     0          4          -                      
    % Hit:                                            100.00%        100          -                      
    Coverpoint cp_gcd_ps_mon                          100.00%        100          -    Covered              
        covered/total bins:                                 4          4          -                      
        missing/total bins:                                 0          4          -                      
        % Hit:                                        100.00%        100          -                      
 Covergroup instance \/tb/cg_fsm_ps_mon_inst          100.00%        100          -    Covered              
    covered/total bins:                                     4          4          -                      
    missing/total bins:                                     0          4          -                      
    % Hit:                                            100.00%        100          -                      
    Coverpoint cp_gcd_ps_mon                          100.00%        100          -    Covered              
        covered/total bins:                                 4          4          -                      
        missing/total bins:                                 0          4          -                      
        % Hit:                                        100.00%        100          -                      
        illegal_bin trans                                   0                     -    ZERO                 
        bin auto[TEST]                                   2409          1          -    Covered              
        bin auto[SWAP]                                     73          1          -    Covered              
        bin auto[SUBT]                                   2392          1          -    Covered              
        bin auto[DONE]                                     73          1          -    Covered              
 TYPE /tb_sv_unit/cg_reg_mon                           91.66%        100          -    Uncovered            
    covered/total bins:                                     7          8          -                      
    missing/total bins:                                     1          8          -                      
    % Hit:                                             87.50%        100          -                      
    Coverpoint cp_swap_reg                            100.00%        100          -    Covered              
        covered/total bins:                                 2          2          -                      
        missing/total bins:                                 0          2          -                      
        % Hit:                                        100.00%        100          -                      
    Coverpoint cp_sub_reg                             100.00%        100          -    Covered              
        covered/total bins:                                 2          2          -                      
        missing/total bins:                                 0          2          -                      
        % Hit:                                        100.00%        100          -                      
    Cross cp_both_reg                                  75.00%        100          -    Uncovered            
        covered/total bins:                                 3          4          -                      
        missing/total bins:                                 1          4          -                      
        % Hit:                                         75.00%        100          -                      
 Covergroup instance \/tb/cg_reg_mon_inst              91.66%        100          -    Uncovered            
    covered/total bins:                                     7          8          -                      
    missing/total bins:                                     1          8          -                      
    % Hit:                                             87.50%        100          -                      
    Coverpoint cp_swap_reg                            100.00%        100          -    Covered              
        covered/total bins:                                 2          2          -                      
        missing/total bins:                                 0          2          -                      
        % Hit:                                        100.00%        100          -                      
        bin auto[0]                                      4874          1          -    Covered              
        bin auto[1]                                        73          1          -    Covered              
    Coverpoint cp_sub_reg                             100.00%        100          -    Covered              
        covered/total bins:                                 2          2          -                      
        missing/total bins:                                 0          2          -                      
        % Hit:                                        100.00%        100          -                      
        bin auto[0]                                      2555          1          -    Covered              
        bin auto[1]                                      2392          1          -    Covered              
    Cross cp_both_reg                                  75.00%        100          -    Uncovered            
        covered/total bins:                                 3          4          -                      
        missing/total bins:                                 1          4          -                      
        % Hit:                                         75.00%        100          -                      
        Auto, Default and User Defined Bins:
            bin <auto[0],auto[1]>                        2392          1          -    Covered              
            bin <auto[1],auto[0]>                          73          1          -    Covered              
            bin <auto[0],auto[0]>                        2482          1          -    Covered              
            bin <auto[1],auto[1]>                           0          1          1    ZERO                 

TOTAL COVERGROUP COVERAGE: 89.06%  COVERGROUP TYPES: 4

DIRECTIVE COVERAGE:
--------------------------------------------------------------------------------------------
Name                                     Design Design   Lang File(Line)      Hits Status    
                                         Unit   UnitType                                     
--------------------------------------------------------------------------------------------
/tb/cover__cvr_seq                       tb     Verilog  SVA  tb.sv(43)          3 Covered   

TOTAL DIRECTIVE COVERAGE: 100.00%  COVERS: 1

Total Coverage By Instance (filtered view): 94.53%

