Coverage Report by instance with details

=================================================================================
=== Instance: /tb/gcd_0/gcd_ctrl_0
=== Design Unit: work.gcd_ctrl
=================================================================================
Branch Coverage:
    Enabled Coverage              Bins      Hits    Misses  Coverage
    ----------------              ----      ----    ------  --------
    Branches                        12        12         0   100.00%

================================Branch Details================================

Branch Coverage for instance /tb/gcd_0/gcd_ctrl_0

    Line         Item                      Count     Source 
    ----         ----                      -----     ------ 
  File gcd_ctrl.sv
------------------------------------IF Branch------------------------------------
    20                                     62365     Count coming in to IF
    20              1                          8     
    21              1                      62357     
Branch totals: 2 hits of 2 branches = 100.00%

------------------------------------CASE Branch------------------------------------
    25                                     63902     Count coming in to CASE
    26              1                       3098     
    28              1                      29187     
    31              1                       3972     
    32              1                      27644     
                                               1     All False Count
Branch totals: 5 hits of 5 branches = 100.00%

------------------------------------IF Branch------------------------------------
    26                                      3098     Count coming in to IF
    26              2                       1547     
    27              1                       1551     
Branch totals: 2 hits of 2 branches = 100.00%

------------------------------------IF Branch------------------------------------
    28                                     29187     Count coming in to IF
    28              2                       1031     
    29              1                       4229     
    30              1                      23927     
Branch totals: 3 hits of 3 branches = 100.00%


Expression Coverage:
    Enabled Coverage              Bins   Covered    Misses  Coverage
    ----------------              ----      ----    ------  --------
    Expressions                      4         4         0   100.00%

================================Expression Details================================

Expression Coverage for instance /tb/gcd_0/gcd_ctrl_0 --

  File gcd_ctrl.sv
----------------Focused Expression View-----------------
Line       35 Item    1  (ns == SWAP)
Expression totals: 1 of 1 input term covered = 100.00%

----------------Focused Expression View-----------------
Line       36 Item    1  (ns == SUBT)
Expression totals: 1 of 1 input term covered = 100.00%

----------------Focused Expression View-----------------
Line       37 Item    1  ((ns == DONE) && (ps == TEST))
Expression totals: 2 of 2 input terms covered = 100.00%


FSM Coverage:
    Enabled Coverage              Bins      Hits    Misses  Coverage
    ----------------              ----      ----    ------  --------
    FSM States                       4         4         0   100.00%
    FSM Transitions                  8         6         2    75.00%

================================FSM Details================================

FSM Coverage for instance /tb/gcd_0/gcd_ctrl_0 --

FSM_ID: ps
    Current State Object : ps
    ----------------------
    State Value MapInfo :
    ---------------------
Line          State Name               Value
----          ----------               -----
  26                DONE                   3
  28                TEST                   0
  32                SUBT                   2
  31                SWAP                   1
    Covered States :
    ----------------
                   State           Hit_count
                   -----           ---------
                    DONE                2074          
                    TEST               28675          
                    SUBT               27644          
                    SWAP                3972          
    Covered Transitions :
    ---------------------
Line            Trans_ID           Hit_count          Transition          
----            --------           ---------          ----------          
  26                   0                1031          DONE -> TEST                  
  30                   1               23672          TEST -> SUBT                  
  29                   2                3972          TEST -> SWAP                  
  28                   3                1031          TEST -> DONE                  
  32                   4               27644          SUBT -> TEST                  
  31                   6                3972          SWAP -> SUBT                  
    Uncovered Transitions :
    -----------------------
Line            Trans_ID          Transition          
----            --------          ----------          
  20                   5          SUBT -> DONE        
  20                   7          SWAP -> DONE        


    Summary                       Bins      Hits    Misses  Coverage
    -------                       ----      ----    ------  --------
        FSM States                   4         4         0   100.00%
        FSM Transitions              8         6         2    75.00%
Statement Coverage:
    Enabled Coverage              Bins      Hits    Misses  Coverage
    ----------------              ----      ----    ------  --------
    Statements                      14        14         0   100.00%

================================Statement Details================================

Statement Coverage for instance /tb/gcd_0/gcd_ctrl_0 --

    Line         Item                      Count     Source 
    ----         ----                      -----     ------ 
  File gcd_ctrl.sv
    19              1                      62365     
    20              1                          8     
    21              1                      62357     
    24              1                      63902     
    26              1                       1547     
    27              1                       1551     
    28              1                       1031     
    29              1                       4229     
    30              1                      23927     
    31              1                       3972     
    32              1                      27644     
    35              1                      61840     
    36              1                      61840     
    37              1                     123163     

=================================================================================
=== Instance: /tb/gcd_0
=== Design Unit: work.gcd
=================================================================================
Branch Coverage:
    Enabled Coverage              Bins      Hits    Misses  Coverage
    ----------------              ----      ----    ------  --------
    Branches                        12        12         0   100.00%

================================Branch Details================================

Branch Coverage for instance /tb/gcd_0

    Line         Item                      Count     Source 
    ----         ----                      -----     ------ 
  File gcd.sv
------------------------------------IF Branch------------------------------------
    18                                     37406     Count coming in to IF
    18              1                          8     
    19              1                       1031     
    20              1                       3972     
                                           32395     All False Count
Branch totals: 4 hits of 4 branches = 100.00%

------------------------------------IF Branch------------------------------------
    25                                     60823     Count coming in to IF
    25              1                          8     
    26              1                       1031     
    27              1                       3972     
    28              1                      27644     
                                           28168     All False Count
Branch totals: 5 hits of 5 branches = 100.00%

------------------------------------IF Branch------------------------------------
    33                                      2590     Count coming in to IF
    33              1                          8     
    34              1                       1031     
    35              1                       1551     
Branch totals: 3 hits of 3 branches = 100.00%


Expression Coverage:
    Enabled Coverage              Bins   Covered    Misses  Coverage
    ----------------              ----      ----    ------  --------
    Expressions                      2         2         0   100.00%

================================Expression Details================================

Expression Coverage for instance /tb/gcd_0 --

  File gcd.sv
----------------Focused Expression View-----------------
Line       38 Item    1  (result == register_b)
Expression totals: 1 of 1 input term covered = 100.00%

----------------Focused Expression View-----------------
Line       39 Item    1  (result < register_b)
Expression totals: 1 of 1 input term covered = 100.00%


Statement Coverage:
    Enabled Coverage              Bins      Hits    Misses  Coverage
    ----------------              ----      ----    ------  --------
    Statements                      15        15         0   100.00%

================================Statement Details================================

Statement Coverage for instance /tb/gcd_0 --

    Line         Item                      Count     Source 
    ----         ----                      -----     ------ 
  File gcd.sv
    17              1                      37406     
    18              1                          8     
    19              1                       1031     
    20              1                       3972     
    24              1                      60823     
    25              1                          8     
    26              1                       1031     
    27              1                       3972     
    28              1                      27644     
    32              1                       2590     
    33              1                          8     
    34              1                       1031     
    35              1                       1551     
    38              1                      32652     
    39              1                      32652     

=================================================================================
=== Instance: /tb_sv_unit
=== Design Unit: work.tb_sv_unit
=================================================================================

Covergroup Coverage:
    Covergroups                      4        na        na   100.00%
        Coverpoints/Crosses          6        na        na        na
            Covergroup Bins         24        24         0   100.00%
----------------------------------------------------------------------------------------------------------
Covergroup                                             Metric       Goal       Bins    Status               
                                                                                                         
----------------------------------------------------------------------------------------------------------
 TYPE /tb_sv_unit/cg1                                 100.00%        100          -    Covered              
    covered/total bins:                                    15         15          -                      
    missing/total bins:                                     0         15          -                      
    % Hit:                                            100.00%        100          -                      
    Coverpoint cp_ps                                  100.00%        100          -    Covered              
        covered/total bins:                                 4          4          -                      
        missing/total bins:                                 0          4          -                      
        % Hit:                                        100.00%        100          -                      
    Coverpoint cp_ns                                  100.00%        100          -    Covered              
        covered/total bins:                                 4          4          -                      
        missing/total bins:                                 0          4          -                      
        % Hit:                                        100.00%        100          -                      
    Cross cp_psXns                                    100.00%        100          -    Covered              
        covered/total bins:                                 7          7          -                      
        missing/total bins:                                 0          7          -                      
        % Hit:                                        100.00%        100          -                      
 Covergroup instance \/tb/cg1_inst                    100.00%        100          -    Covered              
    covered/total bins:                                    15         15          -                      
    missing/total bins:                                     0         15          -                      
    % Hit:                                            100.00%        100          -                      
    Coverpoint cp_ps                                  100.00%        100          -    Covered              
        covered/total bins:                                 4          4          -                      
        missing/total bins:                                 0          4          -                      
        % Hit:                                        100.00%        100          -                      
        bin test                                        28675          1          -    Covered              
        bin swap                                         3972          1          -    Covered              
        bin subt                                        27644          1          -    Covered              
        bin done                                         3632          1          -    Covered              
    Coverpoint cp_ns                                  100.00%        100          -    Covered              
        covered/total bins:                                 4          4          -                      
        missing/total bins:                                 0          4          -                      
        % Hit:                                        100.00%        100          -                      
        bin test                                        28675          1          -    Covered              
        bin swap                                         3972          1          -    Covered              
        bin subt                                        27644          1          -    Covered              
        bin done                                         3632          1          -    Covered              
    Cross cp_psXns                                    100.00%        100          -    Covered              
        covered/total bins:                                 7          7          -                      
        missing/total bins:                                 0          7          -                      
        % Hit:                                        100.00%        100          -                      
        Auto, Default and User Defined Bins:
            bin <done,done>                              2601          1          -    Covered              
            bin <test,done>                              1031          1          -    Covered              
            bin <swap,subt>                              3972          1          -    Covered              
            bin <test,subt>                             23672          1          -    Covered              
            bin <test,swap>                              3972          1          -    Covered              
            bin <done,test>                              1031          1          -    Covered              
            bin <subt,test>                             27644          1          -    Covered              
        Illegal and Ignore Bins:
            ignore_bin valid_swapXdone                      0                     -    ZERO                 
            ignore_bin valid_subtXdone                      0                     -    ZERO                 
            illegal_bin ill_test                            0                     -    ZERO                 
            illegal_bin ill_done                            0                     -    ZERO                 
            illegal_bin ill_swap                            0                     -    ZERO                 
            illegal_bin ill_subt                            0                     -    ZERO                 
 TYPE /tb_sv_unit/cg2                                 100.00%        100          -    Covered              
    covered/total bins:                                     4          4          -                      
    missing/total bins:                                     0          4          -                      
    % Hit:                                            100.00%        100          -                      
    Coverpoint cp_GCD_port                            100.00%        100          -    Covered              
        covered/total bins:                                 4          4          -                      
        missing/total bins:                                 0          4          -                      
        % Hit:                                        100.00%        100          -                      
 Covergroup instance \/tb/cg2_inst                    100.00%        100          -    Covered              
    covered/total bins:                                     4          4          -                      
    missing/total bins:                                     0          4          -                      
    % Hit:                                            100.00%        100          -                      
    Coverpoint cp_GCD_port                            100.00%        100          -    Covered              
        covered/total bins:                                 4          4          -                      
        missing/total bins:                                 0          4          -                      
        % Hit:                                        100.00%        100          -                      
        bin range_0                                     55857          1          -    Covered              
        bin range_1                                       366          1          -    Covered              
        bin range_2                                        99          1          -    Covered              
        bin range_3                                         5          1          -    Covered              
 TYPE /tb_sv_unit/cg3                                 100.00%        100          -    Covered              
    covered/total bins:                                     4          4          -                      
    missing/total bins:                                     0          4          -                      
    % Hit:                                            100.00%        100          -                      
    Coverpoint cp_illtrans                            100.00%        100          -    Covered              
        covered/total bins:                                 4          4          -                      
        missing/total bins:                                 0          4          -                      
        % Hit:                                        100.00%        100          -                      
 Covergroup instance \/tb/cg3_inst                    100.00%        100          -    Covered              
    covered/total bins:                                     4          4          -                      
    missing/total bins:                                     0          4          -                      
    % Hit:                                            100.00%        100          -                      
    Coverpoint cp_illtrans                            100.00%        100          -    Covered              
        covered/total bins:                                 4          4          -                      
        missing/total bins:                                 0          4          -                      
        % Hit:                                        100.00%        100          -                      
        illegal_bin trans                                   0                     -    ZERO                 
        bin auto[TEST]                                  28675          1          -    Covered              
        bin auto[SWAP]                                   3972          1          -    Covered              
        bin auto[SUBT]                                  27644          1          -    Covered              
        bin auto[DONE]                                   3632          1          -    Covered              
 TYPE /tb_sv_unit/cg4                                 100.00%        100          -    Covered              
    covered/total bins:                                     1          1          -                      
    missing/total bins:                                     0          1          -                      
    % Hit:                                            100.00%        100          -                      
    Coverpoint cp_sequence                            100.00%        100          -    Covered              
        covered/total bins:                                 1          1          -                      
        missing/total bins:                                 0          1          -                      
        % Hit:                                        100.00%        100          -                      
 Covergroup instance \/tb/cg4_inst                    100.00%        100          -    Covered              
    covered/total bins:                                     1          1          -                      
    missing/total bins:                                     0          1          -                      
    % Hit:                                            100.00%        100          -                      
    Coverpoint cp_sequence                            100.00%        100          -    Covered              
        covered/total bins:                                 1          1          -                      
        missing/total bins:                                 0          1          -                      
        % Hit:                                        100.00%        100          -                      
        bin seq                                          1000          1          -    Covered              

COVERGROUP COVERAGE:
----------------------------------------------------------------------------------------------------------
Covergroup                                             Metric       Goal       Bins    Status               
                                                                                                         
----------------------------------------------------------------------------------------------------------
 TYPE /tb_sv_unit/cg1                                 100.00%        100          -    Covered              
    covered/total bins:                                    15         15          -                      
    missing/total bins:                                     0         15          -                      
    % Hit:                                            100.00%        100          -                      
    Coverpoint cp_ps                                  100.00%        100          -    Covered              
        covered/total bins:                                 4          4          -                      
        missing/total bins:                                 0          4          -                      
        % Hit:                                        100.00%        100          -                      
    Coverpoint cp_ns                                  100.00%        100          -    Covered              
        covered/total bins:                                 4          4          -                      
        missing/total bins:                                 0          4          -                      
        % Hit:                                        100.00%        100          -                      
    Cross cp_psXns                                    100.00%        100          -    Covered              
        covered/total bins:                                 7          7          -                      
        missing/total bins:                                 0          7          -                      
        % Hit:                                        100.00%        100          -                      
 Covergroup instance \/tb/cg1_inst                    100.00%        100          -    Covered              
    covered/total bins:                                    15         15          -                      
    missing/total bins:                                     0         15          -                      
    % Hit:                                            100.00%        100          -                      
    Coverpoint cp_ps                                  100.00%        100          -    Covered              
        covered/total bins:                                 4          4          -                      
        missing/total bins:                                 0          4          -                      
        % Hit:                                        100.00%        100          -                      
        bin test                                        28675          1          -    Covered              
        bin swap                                         3972          1          -    Covered              
        bin subt                                        27644          1          -    Covered              
        bin done                                         3632          1          -    Covered              
    Coverpoint cp_ns                                  100.00%        100          -    Covered              
        covered/total bins:                                 4          4          -                      
        missing/total bins:                                 0          4          -                      
        % Hit:                                        100.00%        100          -                      
        bin test                                        28675          1          -    Covered              
        bin swap                                         3972          1          -    Covered              
        bin subt                                        27644          1          -    Covered              
        bin done                                         3632          1          -    Covered              
    Cross cp_psXns                                    100.00%        100          -    Covered              
        covered/total bins:                                 7          7          -                      
        missing/total bins:                                 0          7          -                      
        % Hit:                                        100.00%        100          -                      
        Auto, Default and User Defined Bins:
            bin <done,done>                              2601          1          -    Covered              
            bin <test,done>                              1031          1          -    Covered              
            bin <swap,subt>                              3972          1          -    Covered              
            bin <test,subt>                             23672          1          -    Covered              
            bin <test,swap>                              3972          1          -    Covered              
            bin <done,test>                              1031          1          -    Covered              
            bin <subt,test>                             27644          1          -    Covered              
        Illegal and Ignore Bins:
            ignore_bin valid_swapXdone                      0                     -    ZERO                 
            ignore_bin valid_subtXdone                      0                     -    ZERO                 
            illegal_bin ill_test                            0                     -    ZERO                 
            illegal_bin ill_done                            0                     -    ZERO                 
            illegal_bin ill_swap                            0                     -    ZERO                 
            illegal_bin ill_subt                            0                     -    ZERO                 
 TYPE /tb_sv_unit/cg2                                 100.00%        100          -    Covered              
    covered/total bins:                                     4          4          -                      
    missing/total bins:                                     0          4          -                      
    % Hit:                                            100.00%        100          -                      
    Coverpoint cp_GCD_port                            100.00%        100          -    Covered              
        covered/total bins:                                 4          4          -                      
        missing/total bins:                                 0          4          -                      
        % Hit:                                        100.00%        100          -                      
 Covergroup instance \/tb/cg2_inst                    100.00%        100          -    Covered              
    covered/total bins:                                     4          4          -                      
    missing/total bins:                                     0          4          -                      
    % Hit:                                            100.00%        100          -                      
    Coverpoint cp_GCD_port                            100.00%        100          -    Covered              
        covered/total bins:                                 4          4          -                      
        missing/total bins:                                 0          4          -                      
        % Hit:                                        100.00%        100          -                      
        bin range_0                                     55857          1          -    Covered              
        bin range_1                                       366          1          -    Covered              
        bin range_2                                        99          1          -    Covered              
        bin range_3                                         5          1          -    Covered              
 TYPE /tb_sv_unit/cg3                                 100.00%        100          -    Covered              
    covered/total bins:                                     4          4          -                      
    missing/total bins:                                     0          4          -                      
    % Hit:                                            100.00%        100          -                      
    Coverpoint cp_illtrans                            100.00%        100          -    Covered              
        covered/total bins:                                 4          4          -                      
        missing/total bins:                                 0          4          -                      
        % Hit:                                        100.00%        100          -                      
 Covergroup instance \/tb/cg3_inst                    100.00%        100          -    Covered              
    covered/total bins:                                     4          4          -                      
    missing/total bins:                                     0          4          -                      
    % Hit:                                            100.00%        100          -                      
    Coverpoint cp_illtrans                            100.00%        100          -    Covered              
        covered/total bins:                                 4          4          -                      
        missing/total bins:                                 0          4          -                      
        % Hit:                                        100.00%        100          -                      
        illegal_bin trans                                   0                     -    ZERO                 
        bin auto[TEST]                                  28675          1          -    Covered              
        bin auto[SWAP]                                   3972          1          -    Covered              
        bin auto[SUBT]                                  27644          1          -    Covered              
        bin auto[DONE]                                   3632          1          -    Covered              
 TYPE /tb_sv_unit/cg4                                 100.00%        100          -    Covered              
    covered/total bins:                                     1          1          -                      
    missing/total bins:                                     0          1          -                      
    % Hit:                                            100.00%        100          -                      
    Coverpoint cp_sequence                            100.00%        100          -    Covered              
        covered/total bins:                                 1          1          -                      
        missing/total bins:                                 0          1          -                      
        % Hit:                                        100.00%        100          -                      
 Covergroup instance \/tb/cg4_inst                    100.00%        100          -    Covered              
    covered/total bins:                                     1          1          -                      
    missing/total bins:                                     0          1          -                      
    % Hit:                                            100.00%        100          -                      
    Coverpoint cp_sequence                            100.00%        100          -    Covered              
        covered/total bins:                                 1          1          -                      
        missing/total bins:                                 0          1          -                      
        % Hit:                                        100.00%        100          -                      
        bin seq                                          1000          1          -    Covered              

TOTAL COVERGROUP COVERAGE: 100.00%  COVERGROUP TYPES: 4

Total Coverage By Instance (filtered view): 95.83%

