Coverage Report by instance with details

=================================================================================
=== Instance: /tb/gcd_0/gcd_ctrl_0
=== Design Unit: work.gcd_ctrl
=================================================================================
Branch Coverage:
    Enabled Coverage              Bins      Hits    Misses  Coverage
    ----------------              ----      ----    ------  --------
    Branches                        12        12         0   100.00%

================================Branch Details================================

Branch Coverage for instance /tb/gcd_0/gcd_ctrl_0

    Line         Item                      Count     Source 
    ----         ----                      -----     ------ 
  File gcd_ctrl.sv
------------------------------------IF Branch------------------------------------
    20                                      4444     Count coming in to IF
    20              1                          2     
    21              1                       4442     
Branch totals: 2 hits of 2 branches = 100.00%

------------------------------------CASE Branch------------------------------------
    25                                      4454     Count coming in to CASE
    26              1                         23     
    28              1                       2196     
    31              1                         60     
    32              1                       2174     
                                               1     All False Count
Branch totals: 5 hits of 5 branches = 100.00%

------------------------------------IF Branch------------------------------------
    26                                        23     Count coming in to IF
    26              2                         11     
    27              1                         12     
Branch totals: 2 hits of 2 branches = 100.00%

------------------------------------IF Branch------------------------------------
    28                                      2196     Count coming in to IF
    28              2                         11     
    29              1                         66     
    30              1                       2119     
Branch totals: 3 hits of 3 branches = 100.00%


Expression Coverage:
    Enabled Coverage              Bins   Covered    Misses  Coverage
    ----------------              ----      ----    ------  --------
    Expressions                      4         4         0   100.00%

================================Expression Details================================

Expression Coverage for instance /tb/gcd_0/gcd_ctrl_0 --

  File gcd_ctrl.sv
----------------Focused Expression View-----------------
Line       35 Item    1  (ns == SWAP)
Expression totals: 1 of 1 input term covered = 100.00%

----------------Focused Expression View-----------------
Line       36 Item    1  (ns == SUBT)
Expression totals: 1 of 1 input term covered = 100.00%

----------------Focused Expression View-----------------
Line       37 Item    1  ((ns == DONE) && (ps == TEST))
Expression totals: 2 of 2 input terms covered = 100.00%


FSM Coverage:
    Enabled Coverage              Bins      Hits    Misses  Coverage
    ----------------              ----      ----    ------  --------
    FSM States                       4         4         0   100.00%
    FSM Transitions                  8         6         2    75.00%

================================FSM Details================================

FSM Coverage for instance /tb/gcd_0/gcd_ctrl_0 --

FSM_ID: ps
    Current State Object : ps
    ----------------------
    State Value MapInfo :
    ---------------------
Line          State Name               Value
----          ----------               -----
  26                DONE                   3
  28                TEST                   0
  32                SUBT                   2
  31                SWAP                   1
    Covered States :
    ----------------
                   State           Hit_count
                   -----           ---------
                    DONE                  25          
                    TEST                2185          
                    SUBT                2174          
                    SWAP                  60          
    Covered Transitions :
    ---------------------
Line            Trans_ID           Hit_count          Transition          
----            --------           ---------          ----------          
  26                   0                  11          DONE -> TEST                  
  30                   1                2114          TEST -> SUBT                  
  29                   2                  60          TEST -> SWAP                  
  28                   3                  11          TEST -> DONE                  
  32                   4                2174          SUBT -> TEST                  
  31                   6                  60          SWAP -> SUBT                  
    Uncovered Transitions :
    -----------------------
Line            Trans_ID          Transition          
----            --------          ----------          
  20                   5          SUBT -> DONE        
  20                   7          SWAP -> DONE        


    Summary                       Bins      Hits    Misses  Coverage
    -------                       ----      ----    ------  --------
        FSM States                   4         4         0   100.00%
        FSM Transitions              8         6         2    75.00%
Statement Coverage:
    Enabled Coverage              Bins      Hits    Misses  Coverage
    ----------------              ----      ----    ------  --------
    Statements                      14        14         0   100.00%

================================Statement Details================================

Statement Coverage for instance /tb/gcd_0/gcd_ctrl_0 --

    Line         Item                      Count     Source 
    ----         ----                      -----     ------ 
  File gcd_ctrl.sv
    19              1                       4444     
    20              1                          2     
    21              1                       4442     
    24              1                       4454     
    26              1                         11     
    27              1                         12     
    28              1                         11     
    29              1                         66     
    30              1                       2119     
    31              1                         60     
    32              1                       2174     
    35              1                       4432     
    36              1                       4432     
    37              1                       8863     

=================================================================================
=== Instance: /tb/gcd_0
=== Design Unit: work.gcd
=================================================================================
Branch Coverage:
    Enabled Coverage              Bins      Hits    Misses  Coverage
    ----------------              ----      ----    ------  --------
    Branches                        12        12         0   100.00%

================================Branch Details================================

Branch Coverage for instance /tb/gcd_0

    Line         Item                      Count     Source 
    ----         ----                      -----     ------ 
  File gcd.sv
------------------------------------IF Branch------------------------------------
    18                                      2313     Count coming in to IF
    18              1                          2     
    19              1                         11     
    20              1                         60     
                                            2240     All False Count
Branch totals: 4 hits of 4 branches = 100.00%

------------------------------------IF Branch------------------------------------
    25                                      4422     Count coming in to IF
    25              1                          2     
    26              1                         11     
    27              1                         60     
    28              1                       2174     
                                            2175     All False Count
Branch totals: 5 hits of 5 branches = 100.00%

------------------------------------IF Branch------------------------------------
    33                                        25     Count coming in to IF
    33              1                          2     
    34              1                         11     
    35              1                         12     
Branch totals: 3 hits of 3 branches = 100.00%


Expression Coverage:
    Enabled Coverage              Bins   Covered    Misses  Coverage
    ----------------              ----      ----    ------  --------
    Expressions                      2         2         0   100.00%

================================Expression Details================================

Expression Coverage for instance /tb/gcd_0 --

  File gcd.sv
----------------Focused Expression View-----------------
Line       38 Item    1  (result == register_b)
Expression totals: 1 of 1 input term covered = 100.00%

----------------Focused Expression View-----------------
Line       39 Item    1  (result < register_b)
Expression totals: 1 of 1 input term covered = 100.00%


Statement Coverage:
    Enabled Coverage              Bins      Hits    Misses  Coverage
    ----------------              ----      ----    ------  --------
    Statements                      15        15         0   100.00%

================================Statement Details================================

Statement Coverage for instance /tb/gcd_0 --

    Line         Item                      Count     Source 
    ----         ----                      -----     ------ 
  File gcd.sv
    17              1                       2313     
    18              1                          2     
    19              1                         11     
    20              1                         60     
    24              1                       4422     
    25              1                          2     
    26              1                         11     
    27              1                         60     
    28              1                       2174     
    32              1                         25     
    33              1                          2     
    34              1                         11     
    35              1                         12     
    38              1                       2247     
    39              1                       2247     

=================================================================================
=== Instance: /tb_sv_unit
=== Design Unit: work.tb_sv_unit
=================================================================================

Covergroup Coverage:
    Covergroups                      4        na        na    93.75%
        Coverpoints/Crosses          6        na        na        na
            Covergroup Bins         24        23         1    95.83%
----------------------------------------------------------------------------------------------------------
Covergroup                                             Metric       Goal       Bins    Status               
                                                                                                         
----------------------------------------------------------------------------------------------------------
 TYPE /tb_sv_unit/cg1                                 100.00%        100          -    Covered              
    covered/total bins:                                    15         15          -                      
    missing/total bins:                                     0         15          -                      
    % Hit:                                            100.00%        100          -                      
    Coverpoint cp_ps                                  100.00%        100          -    Covered              
        covered/total bins:                                 4          4          -                      
        missing/total bins:                                 0          4          -                      
        % Hit:                                        100.00%        100          -                      
    Coverpoint cp_ns                                  100.00%        100          -    Covered              
        covered/total bins:                                 4          4          -                      
        missing/total bins:                                 0          4          -                      
        % Hit:                                        100.00%        100          -                      
    Cross cp_psXns                                    100.00%        100          -    Covered              
        covered/total bins:                                 7          7          -                      
        missing/total bins:                                 0          7          -                      
        % Hit:                                        100.00%        100          -                      
 Covergroup instance \/tb/cg1_inst                    100.00%        100          -    Covered              
    covered/total bins:                                    15         15          -                      
    missing/total bins:                                     0         15          -                      
    % Hit:                                            100.00%        100          -                      
    Coverpoint cp_ps                                  100.00%        100          -    Covered              
        covered/total bins:                                 4          4          -                      
        missing/total bins:                                 0          4          -                      
        % Hit:                                        100.00%        100          -                      
        bin test                                         2185          1          -    Covered              
        bin swap                                           60          1          -    Covered              
        bin subt                                         2174          1          -    Covered              
        bin done                                           37          1          -    Covered              
    Coverpoint cp_ns                                  100.00%        100          -    Covered              
        covered/total bins:                                 4          4          -                      
        missing/total bins:                                 0          4          -                      
        % Hit:                                        100.00%        100          -                      
        bin test                                         2185          1          -    Covered              
        bin swap                                           60          1          -    Covered              
        bin subt                                         2174          1          -    Covered              
        bin done                                           37          1          -    Covered              
    Cross cp_psXns                                    100.00%        100          -    Covered              
        covered/total bins:                                 7          7          -                      
        missing/total bins:                                 0          7          -                      
        % Hit:                                        100.00%        100          -                      
        Auto, Default and User Defined Bins:
            bin <done,done>                                26          1          -    Covered              
            bin <test,done>                                11          1          -    Covered              
            bin <swap,subt>                                60          1          -    Covered              
            bin <test,subt>                              2114          1          -    Covered              
            bin <test,swap>                                60          1          -    Covered              
            bin <done,test>                                11          1          -    Covered              
            bin <subt,test>                              2174          1          -    Covered              
        Illegal and Ignore Bins:
            ignore_bin valid_swapXdone                      0                     -    ZERO                 
            ignore_bin valid_subtXdone                      0                     -    ZERO                 
            illegal_bin ill_test                            0                     -    ZERO                 
            illegal_bin ill_done                            0                     -    ZERO                 
            illegal_bin ill_swap                            0                     -    ZERO                 
            illegal_bin ill_subt                            0                     -    ZERO                 
 TYPE /tb_sv_unit/cg2                                  75.00%        100          -    Uncovered            
    covered/total bins:                                     3          4          -                      
    missing/total bins:                                     1          4          -                      
    % Hit:                                             75.00%        100          -                      
    Coverpoint cp_GCD_port                             75.00%        100          -    Uncovered            
        covered/total bins:                                 3          4          -                      
        missing/total bins:                                 1          4          -                      
        % Hit:                                         75.00%        100          -                      
 Covergroup instance \/tb/cg2_inst                     75.00%        100          -    Uncovered            
    covered/total bins:                                     3          4          -                      
    missing/total bins:                                     1          4          -                      
    % Hit:                                             75.00%        100          -                      
    Coverpoint cp_GCD_port                             75.00%        100          -    Uncovered            
        covered/total bins:                                 3          4          -                      
        missing/total bins:                                 1          4          -                      
        % Hit:                                         75.00%        100          -                      
        bin range_0                                       488          1          -    Covered              
        bin range_1                                       134          1          -    Covered              
        bin range_2                                        46          1          -    Covered              
        bin range_3                                         0          1          -    ZERO                 
 TYPE /tb_sv_unit/cg3                                 100.00%        100          -    Covered              
    covered/total bins:                                     4          4          -                      
    missing/total bins:                                     0          4          -                      
    % Hit:                                            100.00%        100          -                      
    Coverpoint cp_illtrans                            100.00%        100          -    Covered              
        covered/total bins:                                 4          4          -                      
        missing/total bins:                                 0          4          -                      
        % Hit:                                        100.00%        100          -                      
 Covergroup instance \/tb/cg3_inst                    100.00%        100          -    Covered              
    covered/total bins:                                     4          4          -                      
    missing/total bins:                                     0          4          -                      
    % Hit:                                            100.00%        100          -                      
    Coverpoint cp_illtrans                            100.00%        100          -    Covered              
        covered/total bins:                                 4          4          -                      
        missing/total bins:                                 0          4          -                      
        % Hit:                                        100.00%        100          -                      
        illegal_bin trans                                   0                     -    ZERO                 
        bin auto[TEST]                                   2185          1          -    Covered              
        bin auto[SWAP]                                     60          1          -    Covered              
        bin auto[SUBT]                                   2174          1          -    Covered              
        bin auto[DONE]                                     37          1          -    Covered              
 TYPE /tb_sv_unit/cg4                                 100.00%        100          -    Covered              
    covered/total bins:                                     1          1          -                      
    missing/total bins:                                     0          1          -                      
    % Hit:                                            100.00%        100          -                      
    Coverpoint cp_sequence                            100.00%        100          -    Covered              
        covered/total bins:                                 1          1          -                      
        missing/total bins:                                 0          1          -                      
        % Hit:                                        100.00%        100          -                      
 Covergroup instance \/tb/cg4_inst                    100.00%        100          -    Covered              
    covered/total bins:                                     1          1          -                      
    missing/total bins:                                     0          1          -                      
    % Hit:                                            100.00%        100          -                      
    Coverpoint cp_sequence                            100.00%        100          -    Covered              
        covered/total bins:                                 1          1          -                      
        missing/total bins:                                 0          1          -                      
        % Hit:                                        100.00%        100          -                      
        bin seq                                             7          1          -    Covered              

COVERGROUP COVERAGE:
----------------------------------------------------------------------------------------------------------
Covergroup                                             Metric       Goal       Bins    Status               
                                                                                                         
----------------------------------------------------------------------------------------------------------
 TYPE /tb_sv_unit/cg1                                 100.00%        100          -    Covered              
    covered/total bins:                                    15         15          -                      
    missing/total bins:                                     0         15          -                      
    % Hit:                                            100.00%        100          -                      
    Coverpoint cp_ps                                  100.00%        100          -    Covered              
        covered/total bins:                                 4          4          -                      
        missing/total bins:                                 0          4          -                      
        % Hit:                                        100.00%        100          -                      
    Coverpoint cp_ns                                  100.00%        100          -    Covered              
        covered/total bins:                                 4          4          -                      
        missing/total bins:                                 0          4          -                      
        % Hit:                                        100.00%        100          -                      
    Cross cp_psXns                                    100.00%        100          -    Covered              
        covered/total bins:                                 7          7          -                      
        missing/total bins:                                 0          7          -                      
        % Hit:                                        100.00%        100          -                      
 Covergroup instance \/tb/cg1_inst                    100.00%        100          -    Covered              
    covered/total bins:                                    15         15          -                      
    missing/total bins:                                     0         15          -                      
    % Hit:                                            100.00%        100          -                      
    Coverpoint cp_ps                                  100.00%        100          -    Covered              
        covered/total bins:                                 4          4          -                      
        missing/total bins:                                 0          4          -                      
        % Hit:                                        100.00%        100          -                      
        bin test                                         2185          1          -    Covered              
        bin swap                                           60          1          -    Covered              
        bin subt                                         2174          1          -    Covered              
        bin done                                           37          1          -    Covered              
    Coverpoint cp_ns                                  100.00%        100          -    Covered              
        covered/total bins:                                 4          4          -                      
        missing/total bins:                                 0          4          -                      
        % Hit:                                        100.00%        100          -                      
        bin test                                         2185          1          -    Covered              
        bin swap                                           60          1          -    Covered              
        bin subt                                         2174          1          -    Covered              
        bin done                                           37          1          -    Covered              
    Cross cp_psXns                                    100.00%        100          -    Covered              
        covered/total bins:                                 7          7          -                      
        missing/total bins:                                 0          7          -                      
        % Hit:                                        100.00%        100          -                      
        Auto, Default and User Defined Bins:
            bin <done,done>                                26          1          -    Covered              
            bin <test,done>                                11          1          -    Covered              
            bin <swap,subt>                                60          1          -    Covered              
            bin <test,subt>                              2114          1          -    Covered              
            bin <test,swap>                                60          1          -    Covered              
            bin <done,test>                                11          1          -    Covered              
            bin <subt,test>                              2174          1          -    Covered              
        Illegal and Ignore Bins:
            ignore_bin valid_swapXdone                      0                     -    ZERO                 
            ignore_bin valid_subtXdone                      0                     -    ZERO                 
            illegal_bin ill_test                            0                     -    ZERO                 
            illegal_bin ill_done                            0                     -    ZERO                 
            illegal_bin ill_swap                            0                     -    ZERO                 
            illegal_bin ill_subt                            0                     -    ZERO                 
 TYPE /tb_sv_unit/cg2                                  75.00%        100          -    Uncovered            
    covered/total bins:                                     3          4          -                      
    missing/total bins:                                     1          4          -                      
    % Hit:                                             75.00%        100          -                      
    Coverpoint cp_GCD_port                             75.00%        100          -    Uncovered            
        covered/total bins:                                 3          4          -                      
        missing/total bins:                                 1          4          -                      
        % Hit:                                         75.00%        100          -                      
 Covergroup instance \/tb/cg2_inst                     75.00%        100          -    Uncovered            
    covered/total bins:                                     3          4          -                      
    missing/total bins:                                     1          4          -                      
    % Hit:                                             75.00%        100          -                      
    Coverpoint cp_GCD_port                             75.00%        100          -    Uncovered            
        covered/total bins:                                 3          4          -                      
        missing/total bins:                                 1          4          -                      
        % Hit:                                         75.00%        100          -                      
        bin range_0                                       488          1          -    Covered              
        bin range_1                                       134          1          -    Covered              
        bin range_2                                        46          1          -    Covered              
        bin range_3                                         0          1          -    ZERO                 
 TYPE /tb_sv_unit/cg3                                 100.00%        100          -    Covered              
    covered/total bins:                                     4          4          -                      
    missing/total bins:                                     0          4          -                      
    % Hit:                                            100.00%        100          -                      
    Coverpoint cp_illtrans                            100.00%        100          -    Covered              
        covered/total bins:                                 4          4          -                      
        missing/total bins:                                 0          4          -                      
        % Hit:                                        100.00%        100          -                      
 Covergroup instance \/tb/cg3_inst                    100.00%        100          -    Covered              
    covered/total bins:                                     4          4          -                      
    missing/total bins:                                     0          4          -                      
    % Hit:                                            100.00%        100          -                      
    Coverpoint cp_illtrans                            100.00%        100          -    Covered              
        covered/total bins:                                 4          4          -                      
        missing/total bins:                                 0          4          -                      
        % Hit:                                        100.00%        100          -                      
        illegal_bin trans                                   0                     -    ZERO                 
        bin auto[TEST]                                   2185          1          -    Covered              
        bin auto[SWAP]                                     60          1          -    Covered              
        bin auto[SUBT]                                   2174          1          -    Covered              
        bin auto[DONE]                                     37          1          -    Covered              
 TYPE /tb_sv_unit/cg4                                 100.00%        100          -    Covered              
    covered/total bins:                                     1          1          -                      
    missing/total bins:                                     0          1          -                      
    % Hit:                                            100.00%        100          -                      
    Coverpoint cp_sequence                            100.00%        100          -    Covered              
        covered/total bins:                                 1          1          -                      
        missing/total bins:                                 0          1          -                      
        % Hit:                                        100.00%        100          -                      
 Covergroup instance \/tb/cg4_inst                    100.00%        100          -    Covered              
    covered/total bins:                                     1          1          -                      
    missing/total bins:                                     0          1          -                      
    % Hit:                                            100.00%        100          -                      
    Coverpoint cp_sequence                            100.00%        100          -    Covered              
        covered/total bins:                                 1          1          -                      
        missing/total bins:                                 0          1          -                      
        % Hit:                                        100.00%        100          -                      
        bin seq                                             7          1          -    Covered              

TOTAL COVERGROUP COVERAGE: 93.75%  COVERGROUP TYPES: 4

Total Coverage By Instance (filtered view): 94.79%

